<?xml version="1.0" encoding="UTF-8"?>
<coverage generated="1663950913419" clover="3.2.0">
  <project timestamp="1663950913419" name="All files">
    <metrics statements="17" coveredstatements="0" conditionals="4" coveredconditionals="0" methods="6" coveredmethods="0" elements="27" coveredelements="0" complexity="0" loc="17" ncloc="17" packages="1" files="1" classes="1">
      <file name="inputpage.vue" path="/Users/matthewsimpson/Library/Mobile Documents/com~apple~CloudDocs/BCIT/Courses/COMP 2909 - Angular and Vue.js Fundamentals  2/Code/homework04/src/components/inputpage.vue">
        <metrics statements="17" coveredstatements="0" conditionals="4" coveredconditionals="0" methods="6" coveredmethods="0"/>
        <line num="48" count="0" type="stmt"/>
        <line num="52" count="0" type="stmt"/>
        <line num="66" count="0" type="cond" truecount="0" falsecount="2"/>
        <line num="67" count="0" type="stmt"/>
        <line num="68" count="0" type="cond" truecount="0" falsecount="2"/>
        <line num="69" count="0" type="stmt"/>
        <line num="71" count="0" type="stmt"/>
        <line num="74" count="0" type="stmt"/>
        <line num="75" count="0" type="stmt"/>
        <line num="83" count="0" type="stmt"/>
        <line num="84" count="0" type="stmt"/>
        <line num="85" count="0" type="stmt"/>
        <line num="86" count="0" type="stmt"/>
        <line num="89" count="0" type="stmt"/>
        <line num="91" count="0" type="stmt"/>
        <line num="92" count="0" type="stmt"/>
        <line num="95" count="0" type="stmt"/>
      </file>
    </metrics>
  </project>
</coverage>
