{"/Users/matthewsimpson/Library/Mobile Documents/com~apple~CloudDocs/BCIT/Courses/COMP 2909 - Angular and Vue.js Fundamentals  2/Code/homework04/src/components/inputpage.vue": {"path":"/Users/matthewsimpson/Library/Mobile Documents/com~apple~CloudDocs/BCIT/Courses/COMP 2909 - Angular and Vue.js Fundamentals  2/Code/homework04/src/components/inputpage.vue","statementMap":{"0":{"start":{"line":48,"column":0},"end":{"line":null,"column":-1}},"1":{"start":{"line":52,"column":0},"end":{"line":null,"column":-1}},"2":{"start":{"line":66,"column":0},"end":{"line":70,"column":0}},"3":{"start":{"line":67,"column":0},"end":{"line":null,"column":-1}},"4":{"start":{"line":68,"column":0},"end":{"line":70,"column":0}},"5":{"start":{"line":69,"column":0},"end":{"line":null,"column":-1}},"6":{"start":{"line":71,"column":0},"end":{"line":null,"column":-1}},"7":{"start":{"line":74,"column":0},"end":{"line":null,"column":-1}},"8":{"start":{"line":75,"column":0},"end":{"line":76,"column":0}},"9":{"start":{"line":83,"column":0},"end":{"line":null,"column":-1}},"10":{"start":{"line":84,"column":0},"end":{"line":null,"column":-1}},"11":{"start":{"line":85,"column":0},"end":{"line":null,"column":-1}},"12":{"start":{"line":86,"column":0},"end":{"line":null,"column":-1}},"13":{"start":{"line":89,"column":0},"end":{"line":null,"column":-1}},"14":{"start":{"line":91,"column":0},"end":{"line":null,"column":-1}},"15":{"start":{"line":92,"column":0},"end":{"line":null,"column":-1}},"16":{"start":{"line":95,"column":0},"end":{"line":null,"column":-1}}},"fnMap":{"0":{"name":"data","decl":{"start":{"line":51,"column":0},"end":{"line":null,"column":-1}},"loc":{"start":{"line":51,"column":0},"end":{"line":63,"column":0}}},"1":{"name":"addItemYesNo","decl":{"start":{"line":65,"column":0},"end":{"line":null,"column":-1}},"loc":{"start":{"line":65,"column":0},"end":{"line":72,"column":0}}},"2":{"name":"submit","decl":{"start":{"line":73,"column":0},"end":{"line":null,"column":-1}},"loc":{"start":{"line":73,"column":0},"end":{"line":87,"column":0}}},"3":{"name":"deleteArtist","decl":{"start":{"line":88,"column":0},"end":{"line":null,"column":-1}},"loc":{"start":{"line":88,"column":0},"end":{"line":90,"column":0}}},"4":{"name":"getUserImage","decl":{"start":{"line":91,"column":0},"end":{"line":null,"column":-1}},"loc":{"start":{"line":91,"column":0},"end":{"line":96,"column":0}}},"5":{"name":"(anonymous_7)","decl":{"start":{"line":92,"column":0},"end":{"line":null,"column":-1}},"loc":{"start":{"line":92,"column":0},"end":{"line":null,"column":-1}}}},"branchMap":{"0":{"loc":{"start":{"line":66,"column":0},"end":{"line":70,"column":0}},"type":"if","locations":[{"start":{"line":66,"column":0},"end":{"line":70,"column":0}},{"start":{"line":66,"column":0},"end":{"line":70,"column":0}}]},"1":{"loc":{"start":{"line":68,"column":0},"end":{"line":70,"column":0}},"type":"if","locations":[{"start":{"line":68,"column":0},"end":{"line":70,"column":0}},{"start":{"line":68,"column":0},"end":{"line":70,"column":0}}]}},"s":{"0":0,"1":0,"2":0,"3":0,"4":0,"5":0,"6":0,"7":0,"8":0,"9":0,"10":0,"11":0,"12":0,"13":0,"14":0,"15":0,"16":0},"f":{"0":0,"1":0,"2":0,"3":0,"4":0,"5":0},"b":{"0":[0,0],"1":[0,0]}}
}
