TN:
SF:/Users/matthewsimpson/Library/Mobile Documents/com~apple~CloudDocs/BCIT/Courses/COMP 2909 - Angular and Vue.js Fundamentals  2/Code/homework04/src/components/inputpage.vue
FN:51,data
FN:65,addItemYesNo
FN:73,submit
FN:88,deleteArtist
FN:91,getUserImage
FN:92,(anonymous_7)
FNF:6
FNH:0
FNDA:0,data
FNDA:0,addItemYesNo
FNDA:0,submit
FNDA:0,deleteArtist
FNDA:0,getUserImage
FNDA:0,(anonymous_7)
DA:48,0
DA:52,0
DA:66,0
DA:67,0
DA:68,0
DA:69,0
DA:71,0
DA:74,0
DA:75,0
DA:83,0
DA:84,0
DA:85,0
DA:86,0
DA:89,0
DA:91,0
DA:92,0
DA:95,0
LF:17
LH:0
BRDA:66,0,0,0
BRDA:66,0,1,0
BRDA:68,1,0,0
BRDA:68,1,1,0
BRF:4
BRH:0
end_of_record
